<?xml version="1.0" encoding="UTF-8"?>
<!-- Generated by org.testng.reporters.JUnitXMLReporter -->
<testsuite hostname="DESKTOP-9AU2161" ignored="0" name="Surefire test" tests="4" failures="0" timestamp="2022-02-02T12:54:01 IST" time="0.072" errors="0">
  <testcase name="seleniumMethod1" time="0.006" classname="org.selenium.SeleniumTest"/>
  <testcase name="seleniumMethod2" time="0.001" classname="org.selenium.SeleniumTest"/>
  <testcase name="testing1" time="0.001" classname="org.selenium.Test1"/>
  <testcase name="testing2" time="0.0" classname="org.selenium.Test1"/>
</testsuite> <!-- Surefire test -->
