<?xml version="1.0" encoding="UTF-8"?>
<testng-results skipped="0" failed="0" ignored="0" total="4" passed="4">
  <reporter-output>
  </reporter-output>
  <suite name="Surefire suite" duration-ms="72" started-at="2022-02-02T12:54:01 IST" finished-at="2022-02-02T12:54:01 IST">
    <groups>
    </groups>
    <test name="Surefire test" duration-ms="72" started-at="2022-02-02T12:54:01 IST" finished-at="2022-02-02T12:54:01 IST">
      <class name="org.selenium.Test1">
        <test-method status="PASS" signature="testing1()[pri:0, instance:org.selenium.Test1@370736d9]" name="testing1" duration-ms="1" started-at="2022-02-02T12:54:01 IST" finished-at="2022-02-02T12:54:01 IST">
          <reporter-output>
          </reporter-output>
        </test-method> <!-- testing1 -->
        <test-method status="PASS" signature="testing2()[pri:0, instance:org.selenium.Test1@370736d9]" name="testing2" duration-ms="0" started-at="2022-02-02T12:54:01 IST" finished-at="2022-02-02T12:54:01 IST">
          <reporter-output>
          </reporter-output>
        </test-method> <!-- testing2 -->
      </class> <!-- org.selenium.Test1 -->
      <class name="org.selenium.SeleniumTest">
        <test-method status="PASS" signature="seleniumMethod1()[pri:0, instance:org.selenium.SeleniumTest@2ac273d3]" name="seleniumMethod1" duration-ms="6" started-at="2022-02-02T12:54:01 IST" finished-at="2022-02-02T12:54:01 IST">
          <reporter-output>
          </reporter-output>
        </test-method> <!-- seleniumMethod1 -->
        <test-method status="PASS" signature="seleniumMethod2()[pri:0, instance:org.selenium.SeleniumTest@2ac273d3]" name="seleniumMethod2" duration-ms="1" started-at="2022-02-02T12:54:01 IST" finished-at="2022-02-02T12:54:01 IST">
          <reporter-output>
          </reporter-output>
        </test-method> <!-- seleniumMethod2 -->
      </class> <!-- org.selenium.SeleniumTest -->
    </test> <!-- Surefire test -->
  </suite> <!-- Surefire suite -->
</testng-results>
