<?xml version="1.0" encoding="UTF-8"?>
<testsuite xmlns:xsi="http://www.w3.org/2001/XMLSchema-instance" xsi:noNamespaceSchemaLocation="https://maven.apache.org/surefire/maven-surefire-plugin/xsd/surefire-test-report-3.0.xsd" version="3.0" name="TestSuite" time="0.959" tests="4" errors="0" skipped="0" failures="0">
  <properties>
[...]
</properties>
  <testcase name="seleniumMethod1" classname="org.selenium.SeleniumTest" time="0.007">
    <system-out><![CDATA[Selenium Method1
]]></system-out>
    <system-err><![CDATA[SLF4J: Failed to load class "org.slf4j.impl.StaticLoggerBinder".
SLF4J: Defaulting to no-operation (NOP) logger implementation
SLF4J: See http://www.slf4j.org/codes.html#StaticLoggerBinder for further details.
]]></system-err>
  </testcase>
  <testcase name="seleniumMethod2" classname="org.selenium.SeleniumTest" time="0">
    <system-out><![CDATA[Selenium Method2
]]></system-out>
  </testcase>
  <testcase name="testing1" classname="org.selenium.Test1" time="0">
    <system-out><![CDATA[Testing 1
]]></system-out>
  </testcase>
  <testcase name="testing2" classname="org.selenium.Test1" time="0.002">
    <system-out><![CDATA[Testing 2
]]></system-out>
  </testcase>
</testsuite>