<?xml version="1.0" encoding="UTF-8"?>
<testng-results ignored="0" total="2" passed="2" failed="0" skipped="0">
  <reporter-output>
  </reporter-output>
  <suite started-at="2022-01-29T12:17:04 IST" name="Default suite" finished-at="2022-01-29T12:17:04 IST" duration-ms="109">
    <groups>
    </groups>
    <test started-at="2022-01-29T12:17:04 IST" name="Default test" finished-at="2022-01-29T12:17:04 IST" duration-ms="109">
      <class name="org.selenium.SeleniumTest">
        <test-method signature="seleniumMethod1()[pri:0, instance:org.selenium.SeleniumTest@152aa092]" started-at="2022-01-29T12:17:04 IST" name="seleniumMethod1" finished-at="2022-01-29T12:17:04 IST" duration-ms="17" status="PASS">
          <reporter-output>
          </reporter-output>
        </test-method> <!-- seleniumMethod1 -->
        <test-method signature="seleniumMethod2()[pri:0, instance:org.selenium.SeleniumTest@152aa092]" started-at="2022-01-29T12:17:04 IST" name="seleniumMethod2" finished-at="2022-01-29T12:17:04 IST" duration-ms="2" status="PASS">
          <reporter-output>
          </reporter-output>
        </test-method> <!-- seleniumMethod2 -->
      </class> <!-- org.selenium.SeleniumTest -->
    </test> <!-- Default test -->
  </suite> <!-- Default suite -->
</testng-results>
